This is pdfTeX, Version 3.141592653-2.6-1.40.24 (TeX Live 2022) (preloaded format=pdflatex 2023.3.9)  15 NOV 2023 23:50
entering extended mode
 restricted \write18 enabled.
 %&-line parsing enabled.
**reporte-elsoc.tex
(./reporte-elsoc.tex
LaTeX2e <2022-11-01> patch level 1
L3 programming layer <2023-02-22> (c:/Users/danie/AppData/Roaming/TinyTeX/texmf-dist/tex/latex/base/book.cls
Document Class: book 2022/07/02 v1.4n Standard LaTeX document class
(c:/Users/danie/AppData/Roaming/TinyTeX/texmf-dist/tex/latex/base/bk12.clo
File: bk12.clo 2022/07/02 v1.4n Standard LaTeX file (size option)
)
\c@part=\count185
\c@chapter=\count186
\c@section=\count187
\c@subsection=\count188
\c@subsubsection=\count189
\c@paragraph=\count190
\c@subparagraph=\count191
\c@figure=\count192
\c@table=\count193
\abovecaptionskip=\skip48
\belowcaptionskip=\skip49
\bibindent=\dimen140
) (c:/Users/danie/AppData/Roaming/TinyTeX/texmf-dist/tex/latex/amsmath/amsmath.sty
Package: amsmath 2022/04/08 v2.17n AMS math features
\@mathmargin=\skip50
For additional information on amsmath, use the `?' option.
(c:/Users/danie/AppData/Roaming/TinyTeX/texmf-dist/tex/latex/amsmath/amstext.sty
Package: amstext 2021/08/26 v2.01 AMS text
(c:/Users/danie/AppData/Roaming/TinyTeX/texmf-dist/tex/latex/amsmath/amsgen.sty
File: amsgen.sty 1999/11/30 v2.0 generic functions
\@emptytoks=\toks16
\ex@=\dimen141
)) (c:/Users/danie/AppData/Roaming/TinyTeX/texmf-dist/tex/latex/amsmath/amsbsy.sty
Package: amsbsy 1999/11/29 v1.2d Bold Symbols
\pmbraise@=\dimen142
) (c:/Users/danie/AppData/Roaming/TinyTeX/texmf-dist/tex/latex/amsmath/amsopn.sty
Package: amsopn 2022/04/08 v2.04 operator names
)
\inf@bad=\count194
LaTeX Info: Redefining \frac on input line 234.
\uproot@=\count195
\leftroot@=\count196
LaTeX Info: Redefining \overline on input line 399.
LaTeX Info: Redefining \colon on input line 410.
\classnum@=\count197
\DOTSCASE@=\count198
LaTeX Info: Redefining \ldots on input line 496.
LaTeX Info: Redefining \dots on input line 499.
LaTeX Info: Redefining \cdots on input line 620.
\Mathstrutbox@=\box51
\strutbox@=\box52
LaTeX Info: Redefining \big on input line 722.
LaTeX Info: Redefining \Big on input line 723.
LaTeX Info: Redefining \bigg on input line 724.
LaTeX Info: Redefining \Bigg on input line 725.
\big@size=\dimen143
LaTeX Font Info:    Redeclaring font encoding OML on input line 743.
LaTeX Font Info:    Redeclaring font encoding OMS on input line 744.
\macc@depth=\count199
LaTeX Info: Redefining \bmod on input line 905.
LaTeX Info: Redefining \pmod on input line 910.
LaTeX Info: Redefining \smash on input line 940.
LaTeX Info: Redefining \relbar on input line 970.
LaTeX Info: Redefining \Relbar on input line 971.
\c@MaxMatrixCols=\count266
\dotsspace@=\muskip16
\c@parentequation=\count267
\dspbrk@lvl=\count268
\tag@help=\toks17
\row@=\count269
\column@=\count270
\maxfields@=\count271
\andhelp@=\toks18
\eqnshift@=\dimen144
\alignsep@=\dimen145
\tagshift@=\dimen146
\tagwidth@=\dimen147
\totwidth@=\dimen148
\lineht@=\dimen149
\@envbody=\toks19
\multlinegap=\skip51
\multlinetaggap=\skip52
\mathdisplay@stack=\toks20
LaTeX Info: Redefining \[ on input line 2953.
LaTeX Info: Redefining \] on input line 2954.
) (c:/Users/danie/AppData/Roaming/TinyTeX/texmf-dist/tex/latex/amsfonts/amssymb.sty
Package: amssymb 2013/01/14 v3.01 AMS font symbols
(c:/Users/danie/AppData/Roaming/TinyTeX/texmf-dist/tex/latex/amsfonts/amsfonts.sty
Package: amsfonts 2013/01/14 v3.01 Basic AMSFonts support
\symAMSa=\mathgroup4
\symAMSb=\mathgroup5
LaTeX Font Info:    Redeclaring math symbol \hbar on input line 98.
LaTeX Font Info:    Overwriting math alphabet `\mathfrak' in version `bold'
(Font)                  U/euf/m/n --> U/euf/b/n on input line 106.
)) (c:/Users/danie/AppData/Roaming/TinyTeX/texmf-dist/tex/latex/setspace/setspace.sty
Package: setspace 2022/12/04 v6.7b set line spacing
) (c:/Users/danie/AppData/Roaming/TinyTeX/texmf-dist/tex/generic/iftex/iftex.sty
Package: iftex 2022/02/03 v1.0f TeX engine tests
) (c:/Users/danie/AppData/Roaming/TinyTeX/texmf-dist/tex/latex/base/fontenc.sty
Package: fontenc 2021/04/29 v2.0v Standard LaTeX package
) (c:/Users/danie/AppData/Roaming/TinyTeX/texmf-dist/tex/latex/base/inputenc.sty
Package: inputenc 2021/02/14 v1.3d Input encoding file
\inpenc@prehook=\toks21
\inpenc@posthook=\toks22
) (c:/Users/danie/AppData/Roaming/TinyTeX/texmf-dist/tex/latex/base/textcomp.sty
Package: textcomp 2020/02/02 v2.0n Standard LaTeX package
) (c:/Users/danie/AppData/Roaming/TinyTeX/texmf-dist/tex/latex/lm/lmodern.sty
Package: lmodern 2015/05/01 v1.6.1 Latin Modern Fonts
LaTeX Font Info:    Overwriting symbol font `operators' in version `normal'
(Font)                  OT1/cmr/m/n --> OT1/lmr/m/n on input line 22.
LaTeX Font Info:    Overwriting symbol font `letters' in version `normal'
(Font)                  OML/cmm/m/it --> OML/lmm/m/it on input line 23.
LaTeX Font Info:    Overwriting symbol font `symbols' in version `normal'
(Font)                  OMS/cmsy/m/n --> OMS/lmsy/m/n on input line 24.
LaTeX Font Info:    Overwriting symbol font `largesymbols' in version `normal'
(Font)                  OMX/cmex/m/n --> OMX/lmex/m/n on input line 25.
LaTeX Font Info:    Overwriting symbol font `operators' in version `bold'
(Font)                  OT1/cmr/bx/n --> OT1/lmr/bx/n on input line 26.
LaTeX Font Info:    Overwriting symbol font `letters' in version `bold'
(Font)                  OML/cmm/b/it --> OML/lmm/b/it on input line 27.
LaTeX Font Info:    Overwriting symbol font `symbols' in version `bold'
(Font)                  OMS/cmsy/b/n --> OMS/lmsy/b/n on input line 28.
LaTeX Font Info:    Overwriting symbol font `largesymbols' in version `bold'
(Font)                  OMX/cmex/m/n --> OMX/lmex/m/n on input line 29.
LaTeX Font Info:    Overwriting math alphabet `\mathbf' in version `normal'
(Font)                  OT1/cmr/bx/n --> OT1/lmr/bx/n on input line 31.
LaTeX Font Info:    Overwriting math alphabet `\mathsf' in version `normal'
(Font)                  OT1/cmss/m/n --> OT1/lmss/m/n on input line 32.
LaTeX Font Info:    Overwriting math alphabet `\mathit' in version `normal'
(Font)                  OT1/cmr/m/it --> OT1/lmr/m/it on input line 33.
LaTeX Font Info:    Overwriting math alphabet `\mathtt' in version `normal'
(Font)                  OT1/cmtt/m/n --> OT1/lmtt/m/n on input line 34.
LaTeX Font Info:    Overwriting math alphabet `\mathbf' in version `bold'
(Font)                  OT1/cmr/bx/n --> OT1/lmr/bx/n on input line 35.
LaTeX Font Info:    Overwriting math alphabet `\mathsf' in version `bold'
(Font)                  OT1/cmss/bx/n --> OT1/lmss/bx/n on input line 36.
LaTeX Font Info:    Overwriting math alphabet `\mathit' in version `bold'
(Font)                  OT1/cmr/bx/it --> OT1/lmr/bx/it on input line 37.
LaTeX Font Info:    Overwriting math alphabet `\mathtt' in version `bold'
(Font)                  OT1/cmtt/m/n --> OT1/lmtt/m/n on input line 38.
) (c:/Users/danie/AppData/Roaming/TinyTeX/texmf-dist/tex/latex/xcolor/xcolor.sty
Package: xcolor 2022/06/12 v2.14 LaTeX color extensions (UK)
(c:/Users/danie/AppData/Roaming/TinyTeX/texmf-dist/tex/latex/graphics-cfg/color.cfg
File: color.cfg 2016/01/02 v1.6 sample color configuration
)
Package xcolor Info: Driver file: pdftex.def on input line 227.
(c:/Users/danie/AppData/Roaming/TinyTeX/texmf-dist/tex/latex/graphics-def/pdftex.def
File: pdftex.def 2022/09/22 v1.2b Graphics/color driver for pdftex
) (c:/Users/danie/AppData/Roaming/TinyTeX/texmf-dist/tex/latex/graphics/mathcolor.ltx)
Package xcolor Info: Model `cmy' substituted by `cmy0' on input line 1353.
Package xcolor Info: Model `hsb' substituted by `rgb' on input line 1357.
Package xcolor Info: Model `RGB' extended on input line 1369.
Package xcolor Info: Model `HTML' substituted by `rgb' on input line 1371.
Package xcolor Info: Model `Hsb' substituted by `hsb' on input line 1372.
Package xcolor Info: Model `tHsb' substituted by `hsb' on input line 1373.
Package xcolor Info: Model `HSB' substituted by `hsb' on input line 1374.
Package xcolor Info: Model `Gray' substituted by `gray' on input line 1375.
Package xcolor Info: Model `wave' substituted by `hsb' on input line 1376.
(c:/Users/danie/AppData/Roaming/TinyTeX/texmf-dist/tex/latex/graphics/dvipsnam.def
File: dvipsnam.def 2016/06/17 v3.0m Driver-dependent file (DPC,SPQR)
) (c:/Users/danie/AppData/Roaming/TinyTeX/texmf-dist/tex/latex/xcolor/svgnam.def
File: svgnam.def 2022/06/12 v2.14 Predefined colors according to SVG 1.1 (UK)
) (c:/Users/danie/AppData/Roaming/TinyTeX/texmf-dist/tex/latex/xcolor/x11nam.def
File: x11nam.def 2022/06/12 v2.14 Predefined colors according to Unix/X11 (UK)
)) (c:/Users/danie/AppData/Roaming/TinyTeX/texmf-dist/tex/latex/geometry/geometry.sty
Package: geometry 2020/01/02 v5.9 Page Geometry
(c:/Users/danie/AppData/Roaming/TinyTeX/texmf-dist/tex/latex/graphics/keyval.sty
Package: keyval 2022/05/29 v1.15 key=value parser (DPC)
\KV@toks@=\toks23
) (c:/Users/danie/AppData/Roaming/TinyTeX/texmf-dist/tex/generic/iftex/ifvtex.sty
Package: ifvtex 2019/10/25 v1.7 ifvtex legacy package. Use iftex instead.
)
\Gm@cnth=\count272
\Gm@cntv=\count273
\c@Gm@tempcnt=\count274
\Gm@bindingoffset=\dimen150
\Gm@wd@mp=\dimen151
\Gm@odd@mp=\dimen152
\Gm@even@mp=\dimen153
\Gm@layoutwidth=\dimen154
\Gm@layoutheight=\dimen155
\Gm@layouthoffset=\dimen156
\Gm@layoutvoffset=\dimen157
\Gm@dimlist=\toks24
) (c:/Users/danie/AppData/Roaming/TinyTeX/texmf-dist/tex/latex/fancyvrb/fancyvrb.sty
Package: fancyvrb 2023/01/19 4.5a verbatim text (tvz,hv)
\FV@CodeLineNo=\count275
\FV@InFile=\read2
\FV@TabBox=\box53
\c@FancyVerbLine=\count276
\FV@StepNumber=\count277
\FV@OutFile=\write3
) (c:/Users/danie/AppData/Roaming/TinyTeX/texmf-dist/tex/latex/framed/framed.sty
Package: framed 2011/10/22 v 0.96: framed or shaded text with page breaks
\OuterFrameSep=\skip53
\fb@frw=\dimen158
\fb@frh=\dimen159
\FrameRule=\dimen160
\FrameSep=\dimen161
) (c:/Users/danie/AppData/Roaming/TinyTeX/texmf-dist/tex/latex/tools/longtable.sty
Package: longtable 2021-09-01 v4.17 Multi-page Table package (DPC)
\LTleft=\skip54
\LTright=\skip55
\LTpre=\skip56
\LTpost=\skip57
\LTchunksize=\count278
\LTcapwidth=\dimen162
\LT@head=\box54
\LT@firsthead=\box55
\LT@foot=\box56
\LT@lastfoot=\box57
\LT@gbox=\box58
\LT@cols=\count279
\LT@rows=\count280
\c@LT@tables=\count281
\c@LT@chunks=\count282
\LT@p@ftn=\toks25
) (c:/Users/danie/AppData/Roaming/TinyTeX/texmf-dist/tex/latex/booktabs/booktabs.sty
Package: booktabs 2020/01/12 v1.61803398 Publication quality tables
\heavyrulewidth=\dimen163
\lightrulewidth=\dimen164
\cmidrulewidth=\dimen165
\belowrulesep=\dimen166
\belowbottomsep=\dimen167
\aboverulesep=\dimen168
\abovetopsep=\dimen169
\cmidrulesep=\dimen170
\cmidrulekern=\dimen171
\defaultaddspace=\dimen172
\@cmidla=\count283
\@cmidlb=\count284
\@aboverulesep=\dimen173
\@belowrulesep=\dimen174
\@thisruleclass=\count285
\@lastruleclass=\count286
\@thisrulewidth=\dimen175
) (c:/Users/danie/AppData/Roaming/TinyTeX/texmf-dist/tex/latex/tools/array.sty
Package: array 2022/09/04 v2.5g Tabular extension package (FMi)
\col@sep=\dimen176
\ar@mcellbox=\box59
\extrarowheight=\dimen177
\NC@list=\toks26
\extratabsurround=\skip58
\backup@length=\skip59
\ar@cellbox=\box60
) (c:/Users/danie/AppData/Roaming/TinyTeX/texmf-dist/tex/latex/tools/calc.sty
Package: calc 2017/05/25 v4.3 Infix arithmetic (KKT,FJ)
\calc@Acount=\count287
\calc@Bcount=\count288
\calc@Adimen=\dimen178
\calc@Bdimen=\dimen179
\calc@Askip=\skip60
\calc@Bskip=\skip61
LaTeX Info: Redefining \setlength on input line 80.
LaTeX Info: Redefining \addtolength on input line 81.
\calc@Ccount=\count289
\calc@Cskip=\skip62
) (c:/Users/danie/AppData/Roaming/TinyTeX/texmf-dist/tex/latex/etoolbox/etoolbox.sty
Package: etoolbox 2020/10/05 v2.5k e-TeX tools for LaTeX (JAW)
\etb@tempcnta=\count290
) (c:/Users/danie/AppData/Roaming/TinyTeX/texmf-dist/tex/latex/mdwtools/footnote.sty
Package: footnote 1997/01/28 1.13 Save footnotes around boxes
\fn@notes=\box61
\fn@width=\dimen180
) (c:/Users/danie/AppData/Roaming/TinyTeX/texmf-dist/tex/latex/graphics/graphicx.sty
Package: graphicx 2021/09/16 v1.2d Enhanced LaTeX Graphics (DPC,SPQR)
(c:/Users/danie/AppData/Roaming/TinyTeX/texmf-dist/tex/latex/graphics/graphics.sty
Package: graphics 2022/03/10 v1.4e Standard LaTeX Graphics (DPC,SPQR)
(c:/Users/danie/AppData/Roaming/TinyTeX/texmf-dist/tex/latex/graphics/trig.sty
Package: trig 2021/08/11 v1.11 sin cos tan (DPC)
) (c:/Users/danie/AppData/Roaming/TinyTeX/texmf-dist/tex/latex/graphics-cfg/graphics.cfg
File: graphics.cfg 2016/06/04 v1.11 sample graphics configuration
)
Package graphics Info: Driver file: pdftex.def on input line 107.
)
\Gin@req@height=\dimen181
\Gin@req@width=\dimen182
) (c:/Users/danie/AppData/Roaming/TinyTeX/texmf-dist/tex/generic/babel/babel.sty
Package: babel 2023/02/13 3.86 The Babel package
\babel@savecnt=\count291
\U@D=\dimen183
\l@unhyphenated=\language3
(c:/Users/danie/AppData/Roaming/TinyTeX/texmf-dist/tex/generic/babel/txtbabel.def)
\bbl@readstream=\read3
\bbl@dirlevel=\count292
(c:/Users/danie/AppData/Roaming/TinyTeX/texmf-dist/tex/generic/babel-spanish/spanish.ldf
Language: spanish.ldf 2021/05/27 v5.0q Spanish support from the babel system

Package babel Warning: No hyphenation patterns were preloaded for
(babel)                the language 'Spanish' into the format.
(babel)                Please, configure your TeX system to add them and
(babel)                rebuild the format. Now I will use the patterns
(babel)                preloaded for \language=0 instead on input line 51.

Package babel Info: Hyphen rules for 'spanish' set to \l@english
(babel)             (\language0). Reported on input line 52.
\es@quottoks=\toks27
\es@quotdepth=\count293
Package babel Info: Making " an active character on input line 570.
Package babel Info: Making . an active character on input line 675.
Package babel Info: Making < an active character on input line 722.
Package babel Info: Making > an active character on input line 722.
)) (c:/Users/danie/AppData/Roaming/TinyTeX/texmf-dist/tex/generic/babel/locale/es/babel-spanish.tex
Package babel Info: Importing font and identification data for spanish
(babel)             from babel-es.ini. Reported on input line 11.
) (c:/Users/danie/AppData/Roaming/TinyTeX/texmf-dist/tex/latex/babelbib/babelbib.sty
Package: babelbib 2021/01/06 v1.34 babelbib: multilingual bibliographies
\c@btxromaniannumeral=\count294
) (c:/Users/danie/AppData/Roaming/TinyTeX/texmf-dist/tex/latex/psnfss/times.sty
Package: times 2020/03/25 PSNFSS-v9.3 (SPQR) 
) (c:/Users/danie/AppData/Roaming/TinyTeX/texmf-dist/tex/latex/caption/caption.sty
Package: caption 2022/03/01 v3.6b Customizing captions (AR)
(c:/Users/danie/AppData/Roaming/TinyTeX/texmf-dist/tex/latex/caption/caption3.sty
Package: caption3 2022/03/17 v2.3b caption3 kernel (AR)
\caption@tempdima=\dimen184
\captionmargin=\dimen185
\caption@leftmargin=\dimen186
\caption@rightmargin=\dimen187
\caption@width=\dimen188
\caption@indent=\dimen189
\caption@parindent=\dimen190
\caption@hangindent=\dimen191
Package caption Info: Standard document class detected.
)
\c@caption@flags=\count295
\c@continuedfloat=\count296
Package caption Info: longtable package is loaded.
(c:/Users/danie/AppData/Roaming/TinyTeX/texmf-dist/tex/latex/caption/ltcaption.sty
Package: ltcaption 2021/01/08 v1.4c longtable captions (AR)
)) (c:/Users/danie/AppData/Roaming/TinyTeX/texmf-dist/tex/latex/multirow/multirow.sty
Package: multirow 2021/03/15 v2.8 Span multiple rows of a table
\multirow@colwidth=\skip63
\multirow@cntb=\count297
\multirow@dima=\skip64
\bigstrutjot=\dimen192
) (c:/Users/danie/AppData/Roaming/TinyTeX/texmf-dist/tex/latex/wrapfig/wrapfig.sty
\wrapoverhang=\dimen193
\WF@size=\dimen194
\c@WF@wrappedlines=\count298
\WF@box=\box62
\WF@everypar=\toks28
Package: wrapfig 2003/01/31  v 3.6
) (c:/Users/danie/AppData/Roaming/TinyTeX/texmf-dist/tex/latex/colortbl/colortbl.sty
Package: colortbl 2022/06/20 v1.0f Color table columns (DPC)
\everycr=\toks29
\minrowclearance=\skip65
\rownum=\count299
) (c:/Users/danie/AppData/Roaming/TinyTeX/texmf-dist/tex/latex/pdflscape/pdflscape.sty
Package: pdflscape 2022-10-27 v0.13 Display of landscape pages in PDF
(c:/Users/danie/AppData/Roaming/TinyTeX/texmf-dist/tex/latex/pdflscape/pdflscape-nometadata.sty
Package: pdflscape-nometadata 2022-10-28 v0.13 Display of landscape pages in PDF (HO)
(c:/Users/danie/AppData/Roaming/TinyTeX/texmf-dist/tex/latex/graphics/lscape.sty
Package: lscape 2020/05/28 v3.02 Landscape Pages (DPC)
)
Package pdflscape Info: Auto-detected driver: pdftex on input line 81.
)) (c:/Users/danie/AppData/Roaming/TinyTeX/texmf-dist/tex/latex/tabu/tabu.sty
Package: tabu 2019/01/11 v2.9 - flexible LaTeX tabulars (FC+tabu-fixed)
(c:/Users/danie/AppData/Roaming/TinyTeX/texmf-dist/tex/latex/varwidth/varwidth.sty
Package: varwidth 2009/03/30 ver 0.92;  Variable-width minipages
\@vwid@box=\box63
\sift@deathcycles=\count300
\@vwid@loff=\dimen195
\@vwid@roff=\dimen196
)
\c@taburow=\count301
\tabu@nbcols=\count302
\tabu@cnt=\count303
\tabu@Xcol=\count304
\tabu@alloc=\count305
\tabu@nested=\count306
\tabu@target=\dimen197
\tabu@spreadtarget=\dimen198
\tabu@naturalX=\dimen199
\tabucolX=\dimen256
\tabu@Xsum=\dimen257
\extrarowdepth=\dimen258
\abovetabulinesep=\dimen259
\belowtabulinesep=\dimen260
\tabustrutrule=\dimen261
\tabu@thebody=\toks30
\tabu@footnotes=\toks31
\tabu@box=\box64
\tabu@arstrutbox=\box65
\tabu@hleads=\box66
\tabu@vleads=\box67
\tabu@cellskip=\skip66
) (c:/Users/danie/AppData/Roaming/TinyTeX/texmf-dist/tex/latex/threeparttable/threeparttable.sty
Package: threeparttable 2003/06/13  v 3.0
\@tempboxb=\box68
) (c:/Users/danie/AppData/Roaming/TinyTeX/texmf-dist/tex/latex/pdfpages/pdfpages.sty
Package: pdfpages 2022/12/19 v0.5x Insert pages of external PDF documents (AM)
(c:/Users/danie/AppData/Roaming/TinyTeX/texmf-dist/tex/latex/base/ifthen.sty
Package: ifthen 2022/04/13 v1.1d Standard LaTeX ifthen package (DPC)
) (c:/Users/danie/AppData/Roaming/TinyTeX/texmf-dist/tex/latex/eso-pic/eso-pic.sty
Package: eso-pic 2020/10/14 v3.0a eso-pic (RN)
\ESO@tempdima=\dimen262
\ESO@tempdimb=\dimen263
)
\AM@pagewidth=\dimen264
\AM@pageheight=\dimen265
\AM@fboxrule=\dimen266
(c:/Users/danie/AppData/Roaming/TinyTeX/texmf-dist/tex/latex/pdfpages/pppdftex.def
File: pppdftex.def 2022/12/19 v0.5x Pdfpages driver for pdfTeX (AM)
)
\pdfpages@includegraphics@status=\count307
\AM@pagebox=\box69
\AM@global@opts=\toks32
\AM@pagecnt=\count308
\AM@toc@title=\toks33
\AM@lof@heading=\toks34
\c@AM@survey=\count309
\AM@templatesizebox=\box70
) (c:/Users/danie/AppData/Roaming/TinyTeX/texmf-dist/tex/generic/oberdiek/hyphsubst.sty
Package: hyphsubst 2016/05/16 v0.3 Substitute hyphenation patterns (HO)
(c:/Users/danie/AppData/Roaming/TinyTeX/texmf-dist/tex/generic/infwarerr/infwarerr.sty
Package: infwarerr 2019/12/03 v1.5 Providing info/warning/error messages (HO)
)) (c:/Users/danie/AppData/Roaming/TinyTeX/texmf-dist/tex/latex/floatrow/floatrow.sty
Package: floatrow 2008/08/02 v0.3b floatrow: float package extension
\c@float@type=\count310
\float@exts=\toks35
\float@box=\box71
\@floatcapt=\box72
Package floatrow Info: Modified float package code loaded on input line 455.
Package floatrow Info: Modified rotfloat package code loaded on input line 473.
\FR@everyfloat=\toks36
\flrow@foot=\insert252
\FB@wd=\dimen267
\FBo@wd=\dimen268
\FBc@wd=\dimen269
\FBo@ht=\skip67
\FBc@ht=\skip68
\FBf@ht=\skip69
\FBo@max=\skip70
\FBc@max=\skip71
\FBf@max=\skip72
\c@FBl@b=\count311
\floatbox@depth=\count312
\c@FRobj=\count313
\c@FRsobj=\count314
\Xhsize=\skip73
\sXhsize=\skip74
\Zhsize=\skip75
\sZhsize=\skip76
\flrow@rowbox=\box73
\FR@Zunitlength=\dimen270
\c@FBcnt=\count315
\FPOScnt=\count316
\LTleft=\skip77
\LTright=\skip78
\LTleft=\skip79
\LTright=\skip80
\flrow@types=\toks37
) (c:/Users/danie/AppData/Roaming/TinyTeX/texmf-dist/tex/latex/threeparttablex/threeparttablex.sty
Package: threeparttablex 2013/07/23 v0.3 by daleif
(c:/Users/danie/AppData/Roaming/TinyTeX/texmf-dist/tex/latex/environ/environ.sty
Package: environ 2014/05/04 v0.3 A new way to define environments
(c:/Users/danie/AppData/Roaming/TinyTeX/texmf-dist/tex/latex/trimspaces/trimspaces.sty
Package: trimspaces 2009/09/17 v1.1 Trim spaces around a token list
))
\TPTL@width=\skip81
) (c:/Users/danie/AppData/Roaming/TinyTeX/texmf-dist/tex/generic/ulem/ulem.sty
\UL@box=\box74
\UL@hyphenbox=\box75
\UL@skip=\skip82
\UL@hook=\toks38
\UL@height=\dimen271
\UL@pe=\count317
\UL@pixel=\dimen272
\ULC@box=\box76
Package: ulem 2019/11/18
\ULdepth=\dimen273
) (c:/Users/danie/AppData/Roaming/TinyTeX/texmf-dist/tex/latex/makecell/makecell.sty
Package: makecell 2009/08/03 V0.1e Managing of Tab Column Heads and Cells
\rotheadsize=\dimen274
\c@nlinenum=\count318
\TeXr@lab=\toks39
) (c:/Users/danie/AppData/Roaming/TinyTeX/texmf-dist/tex/latex/hyperref/hyperref.sty
Package: hyperref 2023-02-07 v7.00v Hypertext links for LaTeX
(c:/Users/danie/AppData/Roaming/TinyTeX/texmf-dist/tex/generic/ltxcmds/ltxcmds.sty
Package: ltxcmds 2020-05-10 v1.25 LaTeX kernel commands for general use (HO)
) (c:/Users/danie/AppData/Roaming/TinyTeX/texmf-dist/tex/generic/pdftexcmds/pdftexcmds.sty
Package: pdftexcmds 2020-06-27 v0.33 Utility functions of pdfTeX for LuaTeX (HO)
Package pdftexcmds Info: \pdf@primitive is available.
Package pdftexcmds Info: \pdf@ifprimitive is available.
Package pdftexcmds Info: \pdfdraftmode found.
) (c:/Users/danie/AppData/Roaming/TinyTeX/texmf-dist/tex/latex/kvsetkeys/kvsetkeys.sty
Package: kvsetkeys 2022-10-05 v1.19 Key value parser (HO)
) (c:/Users/danie/AppData/Roaming/TinyTeX/texmf-dist/tex/generic/kvdefinekeys/kvdefinekeys.sty
Package: kvdefinekeys 2019-12-19 v1.6 Define keys (HO)
) (c:/Users/danie/AppData/Roaming/TinyTeX/texmf-dist/tex/generic/pdfescape/pdfescape.sty
Package: pdfescape 2019/12/09 v1.15 Implements pdfTeX's escape features (HO)
) (c:/Users/danie/AppData/Roaming/TinyTeX/texmf-dist/tex/latex/hycolor/hycolor.sty
Package: hycolor 2020-01-27 v1.10 Color options for hyperref/bookmark (HO)
) (c:/Users/danie/AppData/Roaming/TinyTeX/texmf-dist/tex/latex/letltxmacro/letltxmacro.sty
Package: letltxmacro 2019/12/03 v1.6 Let assignment for LaTeX macros (HO)
) (c:/Users/danie/AppData/Roaming/TinyTeX/texmf-dist/tex/latex/auxhook/auxhook.sty
Package: auxhook 2019-12-17 v1.6 Hooks for auxiliary files (HO)
) (c:/Users/danie/AppData/Roaming/TinyTeX/texmf-dist/tex/latex/hyperref/nameref.sty
Package: nameref 2022-05-17 v2.50 Cross-referencing by name of section
(c:/Users/danie/AppData/Roaming/TinyTeX/texmf-dist/tex/latex/refcount/refcount.sty
Package: refcount 2019/12/15 v3.6 Data extraction from label references (HO)
) (c:/Users/danie/AppData/Roaming/TinyTeX/texmf-dist/tex/generic/gettitlestring/gettitlestring.sty
Package: gettitlestring 2019/12/15 v1.6 Cleanup title references (HO)
(c:/Users/danie/AppData/Roaming/TinyTeX/texmf-dist/tex/latex/kvoptions/kvoptions.sty
Package: kvoptions 2022-06-15 v3.15 Key value format for package options (HO)
))
\c@section@level=\count319
)
\@linkdim=\dimen275
\Hy@linkcounter=\count320
\Hy@pagecounter=\count321
(c:/Users/danie/AppData/Roaming/TinyTeX/texmf-dist/tex/latex/hyperref/pd1enc.def
File: pd1enc.def 2023-02-07 v7.00v Hyperref: PDFDocEncoding definition (HO)
Now handling font encoding PD1 ...
... no UTF-8 mapping file for font encoding PD1
) (c:/Users/danie/AppData/Roaming/TinyTeX/texmf-dist/tex/generic/intcalc/intcalc.sty
Package: intcalc 2019/12/15 v1.3 Expandable calculations with integers (HO)
) (c:/Users/danie/AppData/Roaming/TinyTeX/texmf-dist/tex/generic/etexcmds/etexcmds.sty
Package: etexcmds 2019/12/15 v1.7 Avoid name clashes with e-TeX commands (HO)
)
\Hy@SavedSpaceFactor=\count322
(c:/Users/danie/AppData/Roaming/TinyTeX/texmf-dist/tex/latex/hyperref/puenc.def
File: puenc.def 2023-02-07 v7.00v Hyperref: PDF Unicode definition (HO)
Now handling font encoding PU ...
... no UTF-8 mapping file for font encoding PU
)
Package hyperref Info: Option `unicode' set `true' on input line 4060.
Package hyperref Info: Hyper figures OFF on input line 4177.
Package hyperref Info: Link nesting OFF on input line 4182.
Package hyperref Info: Hyper index ON on input line 4185.
Package hyperref Info: Plain pages OFF on input line 4192.
Package hyperref Info: Backreferencing OFF on input line 4197.
Package hyperref Info: Implicit mode ON; LaTeX internals redefined.
Package hyperref Info: Bookmarks ON on input line 4425.
\c@Hy@tempcnt=\count323
(c:/Users/danie/AppData/Roaming/TinyTeX/texmf-dist/tex/latex/url/url.sty
\Urlmuskip=\muskip17
Package: url 2013/09/16  ver 3.4  Verb mode for urls, etc.
)
LaTeX Info: Redefining \url on input line 4763.
\XeTeXLinkMargin=\dimen276
(c:/Users/danie/AppData/Roaming/TinyTeX/texmf-dist/tex/generic/bitset/bitset.sty
Package: bitset 2019/12/09 v1.3 Handle bit-vector datatype (HO)
(c:/Users/danie/AppData/Roaming/TinyTeX/texmf-dist/tex/generic/bigintcalc/bigintcalc.sty
Package: bigintcalc 2019/12/15 v1.5 Expandable calculations on big integers (HO)
))
\Fld@menulength=\count324
\Field@Width=\dimen277
\Fld@charsize=\dimen278
Package hyperref Info: Hyper figures OFF on input line 6042.
Package hyperref Info: Link nesting OFF on input line 6047.
Package hyperref Info: Hyper index ON on input line 6050.
Package hyperref Info: backreferencing OFF on input line 6057.
Package hyperref Info: Link coloring OFF on input line 6062.
Package hyperref Info: Link coloring with OCG OFF on input line 6067.
Package hyperref Info: PDF/A mode OFF on input line 6072.
(c:/Users/danie/AppData/Roaming/TinyTeX/texmf-dist/tex/latex/base/atbegshi-ltx.sty
Package: atbegshi-ltx 2021/01/10 v1.0c Emulation of the original atbegshi
package with kernel methods
)
\Hy@abspage=\count325
\c@Item=\count326
\c@Hfootnote=\count327
)
Package hyperref Info: Driver (autodetected): hpdftex.
(c:/Users/danie/AppData/Roaming/TinyTeX/texmf-dist/tex/latex/hyperref/hpdftex.def
File: hpdftex.def 2023-02-07 v7.00v Hyperref driver for pdfTeX
(c:/Users/danie/AppData/Roaming/TinyTeX/texmf-dist/tex/latex/base/atveryend-ltx.sty
Package: atveryend-ltx 2020/08/19 v1.0a Emulation of the original atveryend package
with kernel methods
)
\Fld@listcount=\count328
\c@bookmark@seq@number=\count329
(c:/Users/danie/AppData/Roaming/TinyTeX/texmf-dist/tex/latex/rerunfilecheck/rerunfilecheck.sty
Package: rerunfilecheck 2022-07-10 v1.10 Rerun checks for auxiliary files (HO)
(c:/Users/danie/AppData/Roaming/TinyTeX/texmf-dist/tex/generic/uniquecounter/uniquecounter.sty
Package: uniquecounter 2019/12/15 v1.4 Provide unlimited unique counter (HO)
)
Package uniquecounter Info: New unique counter `rerunfilecheck' on input line 285.
)
\Hy@SectionHShift=\skip83
)
Package hyperref Info: Option `colorlinks' set `true' on input line 162.
LaTeX Font Info:    Trying to load font information for T1+ptm on input line 175.
(c:/Users/danie/AppData/Roaming/TinyTeX/texmf-dist/tex/latex/psnfss/t1ptm.fd
File: t1ptm.fd 2001/06/04 font definitions for T1/ptm.
) (c:/Users/danie/AppData/Roaming/TinyTeX/texmf-dist/tex/latex/l3backend/l3backend-pdftex.def
File: l3backend-pdftex.def 2023-01-16 L3 backend support: PDF output (pdfTeX)
\l__color_backend_stack_int=\count330
\l__pdf_internal_box=\box77
)
No file reporte-elsoc.aux.
\openout1 = `reporte-elsoc.aux'.

LaTeX Font Info:    Checking defaults for OML/cmm/m/it on input line 175.
LaTeX Font Info:    ... okay on input line 175.
LaTeX Font Info:    Checking defaults for OMS/cmsy/m/n on input line 175.
LaTeX Font Info:    ... okay on input line 175.
LaTeX Font Info:    Checking defaults for OT1/cmr/m/n on input line 175.
LaTeX Font Info:    ... okay on input line 175.
LaTeX Font Info:    Checking defaults for T1/cmr/m/n on input line 175.
LaTeX Font Info:    ... okay on input line 175.
LaTeX Font Info:    Checking defaults for TS1/cmr/m/n on input line 175.
LaTeX Font Info:    ... okay on input line 175.
LaTeX Font Info:    Checking defaults for OMX/cmex/m/n on input line 175.
LaTeX Font Info:    ... okay on input line 175.
LaTeX Font Info:    Checking defaults for U/cmr/m/n on input line 175.
LaTeX Font Info:    ... okay on input line 175.
LaTeX Font Info:    Checking defaults for PD1/pdf/m/n on input line 175.
LaTeX Font Info:    ... okay on input line 175.
LaTeX Font Info:    Checking defaults for PU/pdf/m/n on input line 175.
LaTeX Font Info:    ... okay on input line 175.
(c:/Users/danie/AppData/Roaming/TinyTeX/texmf-dist/tex/latex/epstopdf-pkg/epstopdf-base.sty
Package: epstopdf-base 2020-01-24 v2.11 Base part for package epstopdf
Package epstopdf-base Info: Redefining graphics rule for `.eps' on input line 485.
(c:/Users/danie/AppData/Roaming/TinyTeX/texmf-dist/tex/latex/latexconfig/epstopdf-sys.cfg
File: epstopdf-sys.cfg 2010/07/13 v1.3 Configuration of (r)epstopdf for TeX Live
))
*geometry* driver: auto-detecting
*geometry* detected driver: pdftex
*geometry* verbose mode - [ preamble ] result:
* driver: pdftex
* paper: letterpaper
* layout: <same size as paper>
* layoutoffset:(h,v)=(0.0pt,0.0pt)
* modes: twoside 
* h-part:(L,W,R)=(56.9055pt, 500.484pt, 56.9055pt)
* v-part:(T,H,B)=(56.9055pt, 666.9326pt, 71.13188pt)
* \paperwidth=614.295pt
* \paperheight=794.96999pt
* \textwidth=500.484pt
* \textheight=666.9326pt
* \oddsidemargin=-15.36449pt
* \evensidemargin=-15.36449pt
* \topmargin=-47.23828pt
* \headheight=12.0pt
* \headsep=19.8738pt
* \topskip=12.0pt
* \footskip=30.0pt
* \marginparwidth=98.0pt
* \marginparsep=7.0pt
* \columnsep=10.0pt
* \skip\footins=10.8pt plus 4.0pt minus 2.0pt
* \hoffset=0.0pt
* \voffset=0.0pt
* \mag=1000
* \@twocolumnfalse
* \@twosidetrue
* \@mparswitchtrue
* \@reversemarginfalse
* (1in=72.27pt=25.4mm, 1cm=28.453pt)

LaTeX Info: Redefining \. on input line 175.
LaTeX Info: Redefining \% on input line 175.
babelbib: Set bibliography fall-back language to spanish
babelbib: spanish.bdf loaded because language spanish defined.
(c:/Users/danie/AppData/Roaming/TinyTeX/texmf-dist/tex/latex/babelbib/spanish.bdf
File: spanish.bdf 2021/01/06 v1.34 babelbib: multilingual bibliographies
babelbib extension \btxifchangecaseoff added to \extrasspanish
)
babelbib: Load BibTeX extensions \bibsspanish for spanish
babelbib: Set language for keywords in the bibliography fixed to spanish
Package caption Info: Begin \AtBeginDocument code.
Package caption Info: float package is loaded.
Package caption Info: floatrow package is loaded.
Package caption Info: hyperref package is loaded.
Package caption Info: Fixing longtable code of `floatrow' package.
Package caption Info: threeparttable package is loaded.
Package caption Info: wrapfig package is loaded.
Package caption Info: End \AtBeginDocument code.
(c:/Users/danie/AppData/Roaming/TinyTeX/texmf-dist/tex/latex/floatrow/fr-longtable.sty
Package: fr-longtable 2007/11/28 v0.1b (beta) floatrow: additions for longtable
\flrow@LT@lasthead=\box78
\flrow@LT@prelastfoot=\box79
\c@FBLTpage=\count331
)
Package hyperref Info: Link coloring ON on input line 175.
\@outlinefile=\write4
\openout4 = `reporte-elsoc.out'.

LaTeX Font Info:    Trying to load font information for OT1+lmr on input line 177.
(c:/Users/danie/AppData/Roaming/TinyTeX/texmf-dist/tex/latex/lm/ot1lmr.fd
File: ot1lmr.fd 2015/05/01 v1.6.1 Font defs for Latin Modern
)
LaTeX Font Info:    Trying to load font information for OML+lmm on input line 177.
(c:/Users/danie/AppData/Roaming/TinyTeX/texmf-dist/tex/latex/lm/omllmm.fd
File: omllmm.fd 2015/05/01 v1.6.1 Font defs for Latin Modern
)
LaTeX Font Info:    Trying to load font information for OMS+lmsy on input line 177.
(c:/Users/danie/AppData/Roaming/TinyTeX/texmf-dist/tex/latex/lm/omslmsy.fd
File: omslmsy.fd 2015/05/01 v1.6.1 Font defs for Latin Modern
)
LaTeX Font Info:    Trying to load font information for OMX+lmex on input line 177.
(c:/Users/danie/AppData/Roaming/TinyTeX/texmf-dist/tex/latex/lm/omxlmex.fd
File: omxlmex.fd 2015/05/01 v1.6.1 Font defs for Latin Modern
)
LaTeX Font Info:    External font `lmex10' loaded for size
(Font)              <14.4> on input line 177.
LaTeX Font Info:    External font `lmex10' loaded for size
(Font)              <10> on input line 177.
LaTeX Font Info:    External font `lmex10' loaded for size
(Font)              <7> on input line 177.
LaTeX Font Info:    Trying to load font information for U+msa on input line 177.
(c:/Users/danie/AppData/Roaming/TinyTeX/texmf-dist/tex/latex/amsfonts/umsa.fd
File: umsa.fd 2013/01/14 v3.01 AMS symbols A
)
LaTeX Font Info:    Trying to load font information for U+msb on input line 177.
(c:/Users/danie/AppData/Roaming/TinyTeX/texmf-dist/tex/latex/amsfonts/umsb.fd
File: umsb.fd 2013/01/14 v3.01 AMS symbols B
) [1


{c:/Users/danie/AppData/Roaming/TinyTeX/texmf-var/fonts/map/pdftex/updmap/pdftex.map}] [2

]
No file reporte-elsoc.toc.
\tf@toc=\write5
\openout5 = `reporte-elsoc.toc'.

[3]
LaTeX Info: Redefining \. on input line 183.
LaTeX Info: Redefining \% on input line 183.
[4

]
No file reporte-elsoc.lof.
\tf@lof=\write6
\openout6 = `reporte-elsoc.lof'.

[5]
LaTeX Info: Redefining \. on input line 184.
LaTeX Info: Redefining \% on input line 184.
[6

]
No file reporte-elsoc.lot.
\tf@lot=\write7
\openout7 = `reporte-elsoc.lot'.

[7]
LaTeX Info: Redefining \. on input line 187.
LaTeX Info: Redefining \% on input line 187.
[8

]
LaTeX Font Info:    External font `lmex10' loaded for size
(Font)              <12> on input line 194.
LaTeX Font Info:    External font `lmex10' loaded for size
(Font)              <8> on input line 194.
LaTeX Font Info:    External font `lmex10' loaded for size
(Font)              <6> on input line 194.

Underfull \vbox (badness 1033) has occurred while \output is active []

[9]
LaTeX Info: Redefining \. on input line 219.
LaTeX Info: Redefining \% on input line 219.
[10]
LaTeX Info: Redefining \. on input line 245.
LaTeX Info: Redefining \% on input line 245.
[11]
LaTeX Info: Redefining \. on input line 245.
LaTeX Info: Redefining \% on input line 245.
[12

]
Cap\'{\i }tulo 1.
[13]

LaTeX Warning: Reference `fig:graf-composicion-muestra' on page 14 undefined on input line 270.

<reporte-elsoc_files/figure-latex/graf-composicion-muestra-1.pdf, id=85, 469.755pt x 325.215pt>
File: reporte-elsoc_files/figure-latex/graf-composicion-muestra-1.pdf Graphic file (type pdf)
<use reporte-elsoc_files/figure-latex/graf-composicion-muestra-1.pdf>
Package pdftex.def Info: reporte-elsoc_files/figure-latex/graf-composicion-muestra-1.pdf  used on input line 274.
(pdftex.def)             Requested size: 469.75386pt x 325.2142pt.
LaTeX Info: Redefining \. on input line 284.
LaTeX Info: Redefining \% on input line 284.
[14]
LaTeX Info: Redefining \. on input line 284.
LaTeX Info: Redefining \% on input line 284.
[15 <./reporte-elsoc_files/figure-latex/graf-composicion-muestra-1.pdf>]
LaTeX Info: Redefining \. on input line 284.
LaTeX Info: Redefining \% on input line 284.
[16

]
Cap\'{\i }tulo 2.
[17]

LaTeX Warning: Reference `fig:graf-participacion' on page 18 undefined on input line 299.

<reporte-elsoc_files/figure-latex/graf-participacion-1.pdf, id=113, 469.755pt x 325.215pt>
File: reporte-elsoc_files/figure-latex/graf-participacion-1.pdf Graphic file (type pdf)
<use reporte-elsoc_files/figure-latex/graf-participacion-1.pdf>
Package pdftex.def Info: reporte-elsoc_files/figure-latex/graf-participacion-1.pdf  used on input line 303.
(pdftex.def)             Requested size: 469.75386pt x 325.2142pt.
LaTeX Info: Redefining \. on input line 311.
LaTeX Info: Redefining \% on input line 311.
[18]
LaTeX Info: Redefining \. on input line 311.
LaTeX Info: Redefining \% on input line 311.
[19 <./reporte-elsoc_files/figure-latex/graf-participacion-1.pdf>]
LaTeX Font Info:    External font `lmex10' loaded for size
(Font)              <5> on input line 312.

LaTeX Warning: Reference `fig:graf-perfiles-3' on page 20 undefined on input line 314.

<reporte-elsoc_files/figure-latex/graf-perfiles-3-1.pdf, id=132, 469.755pt x 325.215pt>
File: reporte-elsoc_files/figure-latex/graf-perfiles-3-1.pdf Graphic file (type pdf)
<use reporte-elsoc_files/figure-latex/graf-perfiles-3-1.pdf>
Package pdftex.def Info: reporte-elsoc_files/figure-latex/graf-perfiles-3-1.pdf  used on input line 318.
(pdftex.def)             Requested size: 469.75386pt x 325.2142pt.

LaTeX Warning: Reference `fig:graf-tipo-participacion' on page 20 undefined on input line 325.

LaTeX Info: Redefining \. on input line 326.
LaTeX Info: Redefining \% on input line 326.
[20]
LaTeX Info: Redefining \. on input line 326.
LaTeX Info: Redefining \% on input line 326.
[21 <./reporte-elsoc_files/figure-latex/graf-perfiles-3-1.pdf>]
<reporte-elsoc_files/figure-latex/graf-tipo-participacion-1.pdf, id=149, 469.755pt x 325.215pt>
File: reporte-elsoc_files/figure-latex/graf-tipo-participacion-1.pdf Graphic file (type pdf)
<use reporte-elsoc_files/figure-latex/graf-tipo-participacion-1.pdf>
Package pdftex.def Info: reporte-elsoc_files/figure-latex/graf-tipo-participacion-1.pdf  used on input line 329.
(pdftex.def)             Requested size: 469.75386pt x 325.2142pt.

LaTeX Warning: Reference `fig:graf-eficacia' on page 22 undefined on input line 336.


LaTeX Warning: Reference `fig:graf-participacion' on page 22 undefined on input line 336.

LaTeX Info: Redefining \. on input line 337.
LaTeX Info: Redefining \% on input line 337.
[22 <./reporte-elsoc_files/figure-latex/graf-tipo-participacion-1.pdf>]
<reporte-elsoc_files/figure-latex/graf-eficacia-1.pdf, id=160, 469.755pt x 325.215pt>
File: reporte-elsoc_files/figure-latex/graf-eficacia-1.pdf Graphic file (type pdf)
<use reporte-elsoc_files/figure-latex/graf-eficacia-1.pdf>
Package pdftex.def Info: reporte-elsoc_files/figure-latex/graf-eficacia-1.pdf  used on input line 340.
(pdftex.def)             Requested size: 469.75386pt x 325.2142pt.

LaTeX Warning: Reference `fig:graf-parti-mov-2' on page 23 undefined on input line 347.

LaTeX Info: Redefining \. on input line 348.
LaTeX Info: Redefining \% on input line 348.
[23 <./reporte-elsoc_files/figure-latex/graf-eficacia-1.pdf>]
<reporte-elsoc_files/figure-latex/graf-parti-mov-2-1.pdf, id=171, 469.755pt x 325.215pt>
File: reporte-elsoc_files/figure-latex/graf-parti-mov-2-1.pdf Graphic file (type pdf)
<use reporte-elsoc_files/figure-latex/graf-parti-mov-2-1.pdf>
Package pdftex.def Info: reporte-elsoc_files/figure-latex/graf-parti-mov-2-1.pdf  used on input line 351.
(pdftex.def)             Requested size: 469.75386pt x 325.2142pt.

LaTeX Warning: Reference `fig:graf-sexo-2' on page 24 undefined on input line 361.

LaTeX Info: Redefining \. on input line 362.
LaTeX Info: Redefining \% on input line 362.
[24 <./reporte-elsoc_files/figure-latex/graf-parti-mov-2-1.pdf>]
<reporte-elsoc_files/figure-latex/graf-sexo-2-1.pdf, id=184, 469.755pt x 325.215pt>
File: reporte-elsoc_files/figure-latex/graf-sexo-2-1.pdf Graphic file (type pdf)
<use reporte-elsoc_files/figure-latex/graf-sexo-2-1.pdf>
Package pdftex.def Info: reporte-elsoc_files/figure-latex/graf-sexo-2-1.pdf  used on input line 365.
(pdftex.def)             Requested size: 469.75386pt x 325.2142pt.

LaTeX Warning: Reference `fig:graf-edad-2' on page 25 undefined on input line 372.

<reporte-elsoc_files/figure-latex/graf-edad-2-1.pdf, id=185, 469.755pt x 325.215pt>
File: reporte-elsoc_files/figure-latex/graf-edad-2-1.pdf Graphic file (type pdf)
<use reporte-elsoc_files/figure-latex/graf-edad-2-1.pdf>
Package pdftex.def Info: reporte-elsoc_files/figure-latex/graf-edad-2-1.pdf  used on input line 376.
(pdftex.def)             Requested size: 469.75386pt x 325.2142pt.

LaTeX Warning: Reference `fig:graf-educacion-2' on page 25 undefined on input line 383.

LaTeX Info: Redefining \. on input line 384.
LaTeX Info: Redefining \% on input line 384.
[25 <./reporte-elsoc_files/figure-latex/graf-sexo-2-1.pdf>]
LaTeX Info: Redefining \. on input line 384.
LaTeX Info: Redefining \% on input line 384.
[26 <./reporte-elsoc_files/figure-latex/graf-edad-2-1.pdf>]
<reporte-elsoc_files/figure-latex/graf-educacion-2-1.pdf, id=207, 469.755pt x 325.215pt>
File: reporte-elsoc_files/figure-latex/graf-educacion-2-1.pdf Graphic file (type pdf)
<use reporte-elsoc_files/figure-latex/graf-educacion-2-1.pdf>
Package pdftex.def Info: reporte-elsoc_files/figure-latex/graf-educacion-2-1.pdf  used on input line 391.
(pdftex.def)             Requested size: 469.75386pt x 325.2142pt.

LaTeX Warning: Reference `fig:graf-clase-subj-ingreso' on page 27 undefined on input line 398.

LaTeX Info: Redefining \. on input line 399.
LaTeX Info: Redefining \% on input line 399.
[27]
LaTeX Info: Redefining \. on input line 399.
LaTeX Info: Redefining \% on input line 399.
[28 <./reporte-elsoc_files/figure-latex/graf-educacion-2-1.pdf>]
<reporte-elsoc_files/figure-latex/graf-clase-subj-ingreso-1.pdf, id=222, 469.755pt x 325.215pt>
File: reporte-elsoc_files/figure-latex/graf-clase-subj-ingreso-1.pdf Graphic file (type pdf)
<use reporte-elsoc_files/figure-latex/graf-clase-subj-ingreso-1.pdf>
Package pdftex.def Info: reporte-elsoc_files/figure-latex/graf-clase-subj-ingreso-1.pdf  used on input line 406.
(pdftex.def)             Requested size: 469.75386pt x 325.2142pt.

LaTeX Warning: Reference `fig:graf-consti-2' on page 29 undefined on input line 416.

LaTeX Info: Redefining \. on input line 419.
LaTeX Info: Redefining \% on input line 419.
[29]
LaTeX Info: Redefining \. on input line 419.
LaTeX Info: Redefining \% on input line 419.
[30 <./reporte-elsoc_files/figure-latex/graf-clase-subj-ingreso-1.pdf>]
<reporte-elsoc_files/figure-latex/graf-consti-2-1.pdf, id=239, 469.755pt x 325.215pt>
File: reporte-elsoc_files/figure-latex/graf-consti-2-1.pdf Graphic file (type pdf)
<use reporte-elsoc_files/figure-latex/graf-consti-2-1.pdf>
Package pdftex.def Info: reporte-elsoc_files/figure-latex/graf-consti-2-1.pdf  used on input line 422.
(pdftex.def)             Requested size: 469.75386pt x 325.2142pt.

LaTeX Warning: Reference `fig:graf-pleb-salida' on page 31 undefined on input line 429.

LaTeX Info: Redefining \. on input line 430.
LaTeX Info: Redefining \% on input line 430.
[31 <./reporte-elsoc_files/figure-latex/graf-consti-2-1.pdf>]
<reporte-elsoc_files/figure-latex/graf-pleb-salida-1.pdf, id=255, 469.755pt x 325.215pt>
File: reporte-elsoc_files/figure-latex/graf-pleb-salida-1.pdf Graphic file (type pdf)
<use reporte-elsoc_files/figure-latex/graf-pleb-salida-1.pdf>
Package pdftex.def Info: reporte-elsoc_files/figure-latex/graf-pleb-salida-1.pdf  used on input line 433.
(pdftex.def)             Requested size: 469.75386pt x 325.2142pt.

LaTeX Warning: Reference `fig:graf-alluvial-pleb' on page 32 undefined on input line 440.

<reporte-elsoc_files/figure-latex/graf-alluvial-pleb-1.pdf, id=256, 469.755pt x 325.215pt>
File: reporte-elsoc_files/figure-latex/graf-alluvial-pleb-1.pdf Graphic file (type pdf)
<use reporte-elsoc_files/figure-latex/graf-alluvial-pleb-1.pdf>
Package pdftex.def Info: reporte-elsoc_files/figure-latex/graf-alluvial-pleb-1.pdf  used on input line 444.
(pdftex.def)             Requested size: 469.75386pt x 325.2142pt.

LaTeX Warning: Reference `fig:graf-tipo-salida' on page 32 undefined on input line 451.

LaTeX Info: Redefining \. on input line 452.
LaTeX Info: Redefining \% on input line 452.
[32 <./reporte-elsoc_files/figure-latex/graf-pleb-salida-1.pdf>]
LaTeX Info: Redefining \. on input line 452.
LaTeX Info: Redefining \% on input line 452.
[33 <./reporte-elsoc_files/figure-latex/graf-alluvial-pleb-1.pdf>]
<reporte-elsoc_files/figure-latex/graf-tipo-salida-1.pdf, id=281, 469.755pt x 325.215pt>
File: reporte-elsoc_files/figure-latex/graf-tipo-salida-1.pdf Graphic file (type pdf)
<use reporte-elsoc_files/figure-latex/graf-tipo-salida-1.pdf>
Package pdftex.def Info: reporte-elsoc_files/figure-latex/graf-tipo-salida-1.pdf  used on input line 457.
(pdftex.def)             Requested size: 469.75386pt x 325.2142pt.

LaTeX Warning: Reference `fig:graf-alluvial-pleb-tipo' on page 34 undefined on input line 464.


Underfull \vbox (badness 4673) has occurred while \output is active []

LaTeX Info: Redefining \. on input line 465.
LaTeX Info: Redefining \% on input line 465.
[34 <./reporte-elsoc_files/figure-latex/graf-tipo-salida-1.pdf>]
<reporte-elsoc_files/figure-latex/graf-alluvial-pleb-tipo-1.pdf, id=292, 469.755pt x 325.215pt>
File: reporte-elsoc_files/figure-latex/graf-alluvial-pleb-tipo-1.pdf Graphic file (type pdf)
<use reporte-elsoc_files/figure-latex/graf-alluvial-pleb-tipo-1.pdf>
Package pdftex.def Info: reporte-elsoc_files/figure-latex/graf-alluvial-pleb-tipo-1.pdf  used on input line 472.
(pdftex.def)             Requested size: 469.75386pt x 325.2142pt.
LaTeX Info: Redefining \. on input line 480.
LaTeX Info: Redefining \% on input line 480.
[35]
LaTeX Info: Redefining \. on input line 480.
LaTeX Info: Redefining \% on input line 480.
[36 <./reporte-elsoc_files/figure-latex/graf-alluvial-pleb-tipo-1.pdf>]

LaTeX Warning: Reference `fig:graf-convencion-2' on page 37 undefined on input line 481.

<reporte-elsoc_files/figure-latex/graf-convencion-2-1.pdf, id=310, 469.755pt x 325.215pt>
File: reporte-elsoc_files/figure-latex/graf-convencion-2-1.pdf Graphic file (type pdf)
<use reporte-elsoc_files/figure-latex/graf-convencion-2-1.pdf>
Package pdftex.def Info: reporte-elsoc_files/figure-latex/graf-convencion-2-1.pdf  used on input line 485.
(pdftex.def)             Requested size: 469.75386pt x 325.2142pt.

LaTeX Warning: Reference `fig:graf-leg-dem-2' on page 37 undefined on input line 495.


Underfull \vbox (badness 10000) has occurred while \output is active []

LaTeX Info: Redefining \. on input line 496.
LaTeX Info: Redefining \% on input line 496.
[37 <./reporte-elsoc_files/figure-latex/graf-convencion-2-1.pdf>]

LaTeX Warning: Reference `fig:graf-autori' on page 38 undefined on input line 497.

<reporte-elsoc_files/figure-latex/graf-leg-dem-2-1.pdf, id=323, 469.755pt x 325.215pt>
File: reporte-elsoc_files/figure-latex/graf-leg-dem-2-1.pdf Graphic file (type pdf)
<use reporte-elsoc_files/figure-latex/graf-leg-dem-2-1.pdf>
Package pdftex.def Info: reporte-elsoc_files/figure-latex/graf-leg-dem-2-1.pdf  used on input line 501.
(pdftex.def)             Requested size: 469.75386pt x 325.2142pt.
<reporte-elsoc_files/figure-latex/graf-autori-1.pdf, id=324, 469.755pt x 325.215pt>
File: reporte-elsoc_files/figure-latex/graf-autori-1.pdf Graphic file (type pdf)
<use reporte-elsoc_files/figure-latex/graf-autori-1.pdf>
Package pdftex.def Info: reporte-elsoc_files/figure-latex/graf-autori-1.pdf  used on input line 510.
(pdftex.def)             Requested size: 469.75386pt x 325.2142pt.

LaTeX Warning: Reference `fig:graf-satis-dem-2' on page 38 undefined on input line 517.

<reporte-elsoc_files/figure-latex/graf-satis-dem-2-1.pdf, id=325, 469.755pt x 325.215pt>
File: reporte-elsoc_files/figure-latex/graf-satis-dem-2-1.pdf Graphic file (type pdf)
<use reporte-elsoc_files/figure-latex/graf-satis-dem-2-1.pdf>
Package pdftex.def Info: reporte-elsoc_files/figure-latex/graf-satis-dem-2-1.pdf  used on input line 521.
(pdftex.def)             Requested size: 469.75386pt x 325.2142pt.

LaTeX Warning: Reference `fig:graf-autoritarismo-2' on page 38 undefined on input line 528.


Underfull \vbox (badness 1048) has occurred while \output is active []

LaTeX Info: Redefining \. on input line 529.
LaTeX Info: Redefining \% on input line 529.
[38]
LaTeX Info: Redefining \. on input line 529.
LaTeX Info: Redefining \% on input line 529.
[39 <./reporte-elsoc_files/figure-latex/graf-leg-dem-2-1.pdf>]
LaTeX Info: Redefining \. on input line 529.
LaTeX Info: Redefining \% on input line 529.
[40 <./reporte-elsoc_files/figure-latex/graf-autori-1.pdf>]
LaTeX Info: Redefining \. on input line 529.
LaTeX Info: Redefining \% on input line 529.
[41 <./reporte-elsoc_files/figure-latex/graf-satis-dem-2-1.pdf>]
<reporte-elsoc_files/figure-latex/graf-autoritarismo-2-1.pdf, id=361, 469.755pt x 325.215pt>
File: reporte-elsoc_files/figure-latex/graf-autoritarismo-2-1.pdf Graphic file (type pdf)
<use reporte-elsoc_files/figure-latex/graf-autoritarismo-2-1.pdf>
Package pdftex.def Info: reporte-elsoc_files/figure-latex/graf-autoritarismo-2-1.pdf  used on input line 532.
(pdftex.def)             Requested size: 469.75386pt x 325.2142pt.

LaTeX Warning: Reference `fig:graf-posicion-pol-2' on page 42 undefined on input line 542.


Underfull \vbox (badness 10000) has occurred while \output is active []

LaTeX Info: Redefining \. on input line 543.
LaTeX Info: Redefining \% on input line 543.
[42 <./reporte-elsoc_files/figure-latex/graf-autoritarismo-2-1.pdf>]
<reporte-elsoc_files/figure-latex/graf-posicion-pol-2-1.pdf, id=373, 469.755pt x 325.215pt>
File: reporte-elsoc_files/figure-latex/graf-posicion-pol-2-1.pdf Graphic file (type pdf)
<use reporte-elsoc_files/figure-latex/graf-posicion-pol-2-1.pdf>
Package pdftex.def Info: reporte-elsoc_files/figure-latex/graf-posicion-pol-2-1.pdf  used on input line 546.
(pdftex.def)             Requested size: 469.75386pt x 325.2142pt.

LaTeX Warning: Reference `fig:graf-sin-posicion-2' on page 43 undefined on input line 553.

<reporte-elsoc_files/figure-latex/graf-sin-posicion-2-1.pdf, id=374, 469.755pt x 325.215pt>
File: reporte-elsoc_files/figure-latex/graf-sin-posicion-2-1.pdf Graphic file (type pdf)
<use reporte-elsoc_files/figure-latex/graf-sin-posicion-2-1.pdf>
Package pdftex.def Info: reporte-elsoc_files/figure-latex/graf-sin-posicion-2-1.pdf  used on input line 557.
(pdftex.def)             Requested size: 469.75386pt x 325.2142pt.

LaTeX Warning: Reference `fig:graf-cambios-idpol-idpol' on page 43 undefined on input line 564.

LaTeX Info: Redefining \. on input line 565.
LaTeX Info: Redefining \% on input line 565.
[43]
LaTeX Info: Redefining \. on input line 565.
LaTeX Info: Redefining \% on input line 565.
[44 <./reporte-elsoc_files/figure-latex/graf-posicion-pol-2-1.pdf>]
LaTeX Info: Redefining \. on input line 565.
LaTeX Info: Redefining \% on input line 565.
[45 <./reporte-elsoc_files/figure-latex/graf-sin-posicion-2-1.pdf>]
<reporte-elsoc_files/figure-latex/graf-cambios-idpol-idpol-1.pdf, id=401, 469.755pt x 325.215pt>
File: reporte-elsoc_files/figure-latex/graf-cambios-idpol-idpol-1.pdf Graphic file (type pdf)
<use reporte-elsoc_files/figure-latex/graf-cambios-idpol-idpol-1.pdf>
Package pdftex.def Info: reporte-elsoc_files/figure-latex/graf-cambios-idpol-idpol-1.pdf  used on input line 568.
(pdftex.def)             Requested size: 469.75386pt x 325.2142pt.

LaTeX Warning: Reference `fig:graf-interes-2' on page 46 undefined on input line 575.

LaTeX Info: Redefining \. on input line 576.
LaTeX Info: Redefining \% on input line 576.
[46 <./reporte-elsoc_files/figure-latex/graf-cambios-idpol-idpol-1.pdf>]
<reporte-elsoc_files/figure-latex/graf-interes-2-1.pdf, id=413, 469.755pt x 325.215pt>
File: reporte-elsoc_files/figure-latex/graf-interes-2-1.pdf Graphic file (type pdf)
<use reporte-elsoc_files/figure-latex/graf-interes-2-1.pdf>
Package pdftex.def Info: reporte-elsoc_files/figure-latex/graf-interes-2-1.pdf  used on input line 579.
(pdftex.def)             Requested size: 469.75386pt x 325.2142pt.

LaTeX Warning: Reference `fig:graf-id-partido-2' on page 47 undefined on input line 586.

LaTeX Info: Redefining \. on input line 589.
LaTeX Info: Redefining \% on input line 589.
[47 <./reporte-elsoc_files/figure-latex/graf-interes-2-1.pdf>]
<reporte-elsoc_files/figure-latex/graf-id-partido-2-1.pdf, id=424, 469.755pt x 325.215pt>
File: reporte-elsoc_files/figure-latex/graf-id-partido-2-1.pdf Graphic file (type pdf)
<use reporte-elsoc_files/figure-latex/graf-id-partido-2-1.pdf>
Package pdftex.def Info: reporte-elsoc_files/figure-latex/graf-id-partido-2-1.pdf  used on input line 592.
(pdftex.def)             Requested size: 469.75386pt x 325.2142pt.

LaTeX Warning: Reference `fig:graf-involv-poli-2' on page 48 undefined on input line 599.

LaTeX Info: Redefining \. on input line 602.
LaTeX Info: Redefining \% on input line 602.
[48 <./reporte-elsoc_files/figure-latex/graf-id-partido-2-1.pdf>]
<reporte-elsoc_files/figure-latex/graf-involv-poli-2-1.pdf, id=435, 469.755pt x 325.215pt>
File: reporte-elsoc_files/figure-latex/graf-involv-poli-2-1.pdf Graphic file (type pdf)
<use reporte-elsoc_files/figure-latex/graf-involv-poli-2-1.pdf>
Package pdftex.def Info: reporte-elsoc_files/figure-latex/graf-involv-poli-2-1.pdf  used on input line 605.
(pdftex.def)             Requested size: 469.75386pt x 325.2142pt.
LaTeX Info: Redefining \. on input line 616.
LaTeX Info: Redefining \% on input line 616.
[49 <./reporte-elsoc_files/figure-latex/graf-involv-poli-2-1.pdf>]

LaTeX Warning: Reference `fig:graf-conf-pol-2' on page 50 undefined on input line 621.

<reporte-elsoc_files/figure-latex/graf-conf-pol-2-1.pdf, id=449, 469.755pt x 325.215pt>
File: reporte-elsoc_files/figure-latex/graf-conf-pol-2-1.pdf Graphic file (type pdf)
<use reporte-elsoc_files/figure-latex/graf-conf-pol-2-1.pdf>
Package pdftex.def Info: reporte-elsoc_files/figure-latex/graf-conf-pol-2-1.pdf  used on input line 625.
(pdftex.def)             Requested size: 469.75386pt x 325.2142pt.

LaTeX Warning: Reference `fig:graf-conf-pol-2-2' on page 50 undefined on input line 632.

LaTeX Info: Redefining \. on input line 633.
LaTeX Info: Redefining \% on input line 633.
[50]
LaTeX Info: Redefining \. on input line 633.
LaTeX Info: Redefining \% on input line 633.
[51 <./reporte-elsoc_files/figure-latex/graf-conf-pol-2-1.pdf>]
<reporte-elsoc_files/figure-latex/graf-conf-pol-2-2-1.pdf, id=464, 469.755pt x 325.215pt>
File: reporte-elsoc_files/figure-latex/graf-conf-pol-2-2-1.pdf Graphic file (type pdf)
<use reporte-elsoc_files/figure-latex/graf-conf-pol-2-2-1.pdf>
Package pdftex.def Info: reporte-elsoc_files/figure-latex/graf-conf-pol-2-2-1.pdf  used on input line 638.
(pdftex.def)             Requested size: 469.75386pt x 325.2142pt.

LaTeX Warning: Reference `fig:graf-carab' on page 52 undefined on input line 645.


Underfull \vbox (badness 4673) has occurred while \output is active []

LaTeX Info: Redefining \. on input line 646.
LaTeX Info: Redefining \% on input line 646.
[52 <./reporte-elsoc_files/figure-latex/graf-conf-pol-2-2-1.pdf>]
<reporte-elsoc_files/figure-latex/graf-carab-1.pdf, id=475, 469.755pt x 325.215pt>
File: reporte-elsoc_files/figure-latex/graf-carab-1.pdf Graphic file (type pdf)
<use reporte-elsoc_files/figure-latex/graf-carab-1.pdf>
Package pdftex.def Info: reporte-elsoc_files/figure-latex/graf-carab-1.pdf  used on input line 649.
(pdftex.def)             Requested size: 469.75386pt x 325.2142pt.

Underfull \vbox (badness 10000) has occurred while \output is active []

LaTeX Info: Redefining \. on input line 661.
LaTeX Info: Redefining \% on input line 661.
[53 <./reporte-elsoc_files/figure-latex/graf-carab-1.pdf>]
LaTeX Info: Redefining \. on input line 668.
LaTeX Info: Redefining \% on input line 668.
[54]

LaTeX Warning: Reference `fig:graf-op-valores-2' on page 55 undefined on input line 674.

LaTeX Info: Redefining \. on input line 675.
LaTeX Info: Redefining \% on input line 675.
[55]
<reporte-elsoc_files/figure-latex/graf-op-valores-2-1.pdf, id=499, 469.755pt x 325.215pt>
File: reporte-elsoc_files/figure-latex/graf-op-valores-2-1.pdf Graphic file (type pdf)
<use reporte-elsoc_files/figure-latex/graf-op-valores-2-1.pdf>
Package pdftex.def Info: reporte-elsoc_files/figure-latex/graf-op-valores-2-1.pdf  used on input line 678.
(pdftex.def)             Requested size: 469.75386pt x 325.2142pt.

LaTeX Warning: Reference `fig:graf-pension' on page 56 undefined on input line 688.

LaTeX Info: Redefining \. on input line 689.
LaTeX Info: Redefining \% on input line 689.
[56 <./reporte-elsoc_files/figure-latex/graf-op-valores-2-1.pdf>]
<reporte-elsoc_files/figure-latex/graf-pension-1.pdf, id=512, 469.755pt x 325.215pt>
File: reporte-elsoc_files/figure-latex/graf-pension-1.pdf Graphic file (type pdf)
<use reporte-elsoc_files/figure-latex/graf-pension-1.pdf>
Package pdftex.def Info: reporte-elsoc_files/figure-latex/graf-pension-1.pdf  used on input line 694.
(pdftex.def)             Requested size: 469.75386pt x 325.2142pt.

LaTeX Warning: Reference `fig:graf-educacion' on page 57 undefined on input line 701.

LaTeX Info: Redefining \. on input line 704.
LaTeX Info: Redefining \% on input line 704.
[57 <./reporte-elsoc_files/figure-latex/graf-pension-1.pdf>]
<reporte-elsoc_files/figure-latex/graf-educacion-1.pdf, id=523, 469.755pt x 325.215pt>
File: reporte-elsoc_files/figure-latex/graf-educacion-1.pdf Graphic file (type pdf)
<use reporte-elsoc_files/figure-latex/graf-educacion-1.pdf>
Package pdftex.def Info: reporte-elsoc_files/figure-latex/graf-educacion-1.pdf  used on input line 707.
(pdftex.def)             Requested size: 469.75386pt x 325.2142pt.

Underfull \vbox (badness 10000) has occurred while \output is active []

LaTeX Info: Redefining \. on input line 719.
LaTeX Info: Redefining \% on input line 719.
[58 <./reporte-elsoc_files/figure-latex/graf-educacion-1.pdf>]

LaTeX Warning: Reference `fig:desconf-mapuche' on page 59 undefined on input line 719.

<reporte-elsoc_files/figure-latex/desconf-mapuche-1.pdf, id=535, 469.755pt x 325.215pt>
File: reporte-elsoc_files/figure-latex/desconf-mapuche-1.pdf Graphic file (type pdf)
<use reporte-elsoc_files/figure-latex/desconf-mapuche-1.pdf>
Package pdftex.def Info: reporte-elsoc_files/figure-latex/desconf-mapuche-1.pdf  used on input line 723.
(pdftex.def)             Requested size: 469.75386pt x 325.2142pt.

LaTeX Warning: Reference `fig:consti-mapuche' on page 59 undefined on input line 730.

LaTeX Info: Redefining \. on input line 731.
LaTeX Info: Redefining \% on input line 731.
[59 <./reporte-elsoc_files/figure-latex/desconf-mapuche-1.pdf>]

LaTeX Warning: Reference `fig:consti-mapuche' on page 60 undefined on input line 732.

<reporte-elsoc_files/figure-latex/consti-mapuche-1.pdf, id=548, 469.755pt x 325.215pt>
File: reporte-elsoc_files/figure-latex/consti-mapuche-1.pdf Graphic file (type pdf)
<use reporte-elsoc_files/figure-latex/consti-mapuche-1.pdf>
Package pdftex.def Info: reporte-elsoc_files/figure-latex/consti-mapuche-1.pdf  used on input line 736.
(pdftex.def)             Requested size: 469.75386pt x 325.2142pt.

LaTeX Warning: Reference `fig:desconf-inmigrante' on page 60 undefined on input line 743.

LaTeX Info: Redefining \. on input line 744.
LaTeX Info: Redefining \% on input line 744.
[60 <./reporte-elsoc_files/figure-latex/consti-mapuche-1.pdf>]
<reporte-elsoc_files/figure-latex/desconf-inmigrante-1.pdf, id=559, 469.755pt x 325.215pt>
File: reporte-elsoc_files/figure-latex/desconf-inmigrante-1.pdf Graphic file (type pdf)
<use reporte-elsoc_files/figure-latex/desconf-inmigrante-1.pdf>
Package pdftex.def Info: reporte-elsoc_files/figure-latex/desconf-inmigrante-1.pdf  used on input line 747.
(pdftex.def)             Requested size: 469.75386pt x 325.2142pt.

LaTeX Warning: Reference `fig:ame-realista-proced' on page 61 undefined on input line 754.

LaTeX Info: Redefining \. on input line 755.
LaTeX Info: Redefining \% on input line 755.
[61 <./reporte-elsoc_files/figure-latex/desconf-inmigrante-1.pdf>]
<reporte-elsoc_files/figure-latex/ame-realista-proced-1.pdf, id=571, 469.755pt x 325.215pt>
File: reporte-elsoc_files/figure-latex/ame-realista-proced-1.pdf Graphic file (type pdf)
<use reporte-elsoc_files/figure-latex/ame-realista-proced-1.pdf>
Package pdftex.def Info: reporte-elsoc_files/figure-latex/ame-realista-proced-1.pdf  used on input line 758.
(pdftex.def)             Requested size: 469.75386pt x 325.2142pt.

LaTeX Warning: Reference `fig:ame-simbolica-proced' on page 62 undefined on input line 765.

LaTeX Info: Redefining \. on input line 767.
LaTeX Info: Redefining \% on input line 767.
[62 <./reporte-elsoc_files/figure-latex/ame-realista-proced-1.pdf>]

LaTeX Warning: Reference `fig:ame-realista-proced' on page 63 undefined on input line 769.


LaTeX Warning: Reference `fig:ame-simbolica-proced' on page 63 undefined on input line 769.


LaTeX Warning: Reference `fig:ame-realista-proced' on page 63 undefined on input line 769.


LaTeX Warning: Reference `fig:ame-simbolica-proced' on page 63 undefined on input line 769.

<reporte-elsoc_files/figure-latex/ame-simbolica-proced-1.pdf, id=582, 469.755pt x 325.215pt>
File: reporte-elsoc_files/figure-latex/ame-simbolica-proced-1.pdf Graphic file (type pdf)
<use reporte-elsoc_files/figure-latex/ame-simbolica-proced-1.pdf>
Package pdftex.def Info: reporte-elsoc_files/figure-latex/ame-simbolica-proced-1.pdf  used on input line 773.
(pdftex.def)             Requested size: 469.75386pt x 325.2142pt.

LaTeX Warning: Reference `fig:graf-medidas-inm' on page 63 undefined on input line 780.

<reporte-elsoc_files/figure-latex/graf-medidas-inm-1.pdf, id=583, 469.755pt x 325.215pt>
File: reporte-elsoc_files/figure-latex/graf-medidas-inm-1.pdf Graphic file (type pdf)
<use reporte-elsoc_files/figure-latex/graf-medidas-inm-1.pdf>
Package pdftex.def Info: reporte-elsoc_files/figure-latex/graf-medidas-inm-1.pdf  used on input line 784.
(pdftex.def)             Requested size: 469.75386pt x 325.2142pt.
LaTeX Info: Redefining \. on input line 794.
LaTeX Info: Redefining \% on input line 794.
[63]
LaTeX Info: Redefining \. on input line 794.
LaTeX Info: Redefining \% on input line 794.
[64 <./reporte-elsoc_files/figure-latex/ame-simbolica-proced-1.pdf>]
LaTeX Info: Redefining \. on input line 794.
LaTeX Info: Redefining \% on input line 794.
[65 <./reporte-elsoc_files/figure-latex/graf-medidas-inm-1.pdf>]
LaTeX Info: Redefining \. on input line 794.
LaTeX Info: Redefining \% on input line 794.
[66

]
Cap\'{\i }tulo 3.

LaTeX Warning: Reference `fig:graf-conf-inter' on page 67 undefined on input line 803.

[67]
<reporte-elsoc_files/figure-latex/graf-conf-inter-1.pdf, id=621, 469.755pt x 325.215pt>
File: reporte-elsoc_files/figure-latex/graf-conf-inter-1.pdf Graphic file (type pdf)
<use reporte-elsoc_files/figure-latex/graf-conf-inter-1.pdf>
Package pdftex.def Info: reporte-elsoc_files/figure-latex/graf-conf-inter-1.pdf  used on input line 807.
(pdftex.def)             Requested size: 469.75386pt x 325.2142pt.

LaTeX Warning: Reference `fig:indice-diversidad-part' on page 68 undefined on input line 814.

LaTeX Info: Redefining \. on input line 816.
LaTeX Info: Redefining \% on input line 816.
[68 <./reporte-elsoc_files/figure-latex/graf-conf-inter-1.pdf>]
<reporte-elsoc_files/figure-latex/indice-diversidad-part-1.pdf, id=632, 469.755pt x 325.215pt>
File: reporte-elsoc_files/figure-latex/indice-diversidad-part-1.pdf Graphic file (type pdf)
<use reporte-elsoc_files/figure-latex/indice-diversidad-part-1.pdf>
Package pdftex.def Info: reporte-elsoc_files/figure-latex/indice-diversidad-part-1.pdf  used on input line 820.
(pdftex.def)             Requested size: 469.75386pt x 325.2142pt.
LaTeX Info: Redefining \. on input line 831.
LaTeX Info: Redefining \% on input line 831.
[69 <./reporte-elsoc_files/figure-latex/indice-diversidad-part-1.pdf>]

LaTeX Warning: Reference `fig:graf-orgullochileNo-perfil' on page 70 undefined on input line 832.

<reporte-elsoc_files/figure-latex/graf-orgullochileNo-perfil-1.pdf, id=645, 469.755pt x 325.215pt>
File: reporte-elsoc_files/figure-latex/graf-orgullochileNo-perfil-1.pdf Graphic file (type pdf)
<use reporte-elsoc_files/figure-latex/graf-orgullochileNo-perfil-1.pdf>
Package pdftex.def Info: reporte-elsoc_files/figure-latex/graf-orgullochileNo-perfil-1.pdf  used on input line 836.
(pdftex.def)             Requested size: 469.75386pt x 325.2142pt.
LaTeX Info: Redefining \. on input line 844.
LaTeX Info: Redefining \% on input line 844.
[70 <./reporte-elsoc_files/figure-latex/graf-orgullochileno-perfil-1.pdf>]

LaTeX Warning: Reference `fig:indice-percjusticia-part' on page 71 undefined on input line 845.

<reporte-elsoc_files/figure-latex/indice-percjusticia-part-1.pdf, id=656, 469.755pt x 325.215pt>
File: reporte-elsoc_files/figure-latex/indice-percjusticia-part-1.pdf Graphic file (type pdf)
<use reporte-elsoc_files/figure-latex/indice-percjusticia-part-1.pdf>
Package pdftex.def Info: reporte-elsoc_files/figure-latex/indice-percjusticia-part-1.pdf  used on input line 849.
(pdftex.def)             Requested size: 469.75386pt x 325.2142pt.
LaTeX Info: Redefining \. on input line 864.
LaTeX Info: Redefining \% on input line 864.
[71]
LaTeX Info: Redefining \. on input line 864.
LaTeX Info: Redefining \% on input line 864.
[72 <./reporte-elsoc_files/figure-latex/indice-percjusticia-part-1.pdf>]
LaTeX Info: Redefining \. on input line 871.
LaTeX Info: Redefining \% on input line 871.
[73]

LaTeX Warning: Reference `fig:graf-vinc-terr' on page 74 undefined on input line 873.

<reporte-elsoc_files/figure-latex/graf-vinc-terr-1.pdf, id=678, 469.755pt x 325.215pt>
File: reporte-elsoc_files/figure-latex/graf-vinc-terr-1.pdf Graphic file (type pdf)
<use reporte-elsoc_files/figure-latex/graf-vinc-terr-1.pdf>
Package pdftex.def Info: reporte-elsoc_files/figure-latex/graf-vinc-terr-1.pdf  used on input line 877.
(pdftex.def)             Requested size: 469.75386pt x 325.2142pt.
LaTeX Info: Redefining \. on input line 885.
LaTeX Info: Redefining \% on input line 885.
[74 <./reporte-elsoc_files/figure-latex/graf-vinc-terr-1.pdf>]

LaTeX Warning: Reference `fig:confli-olas-part' on page 75 undefined on input line 886.

<reporte-elsoc_files/figure-latex/confli-olas-part-1.pdf, id=690, 469.755pt x 325.215pt>
File: reporte-elsoc_files/figure-latex/confli-olas-part-1.pdf Graphic file (type pdf)
<use reporte-elsoc_files/figure-latex/confli-olas-part-1.pdf>
Package pdftex.def Info: reporte-elsoc_files/figure-latex/confli-olas-part-1.pdf  used on input line 890.
(pdftex.def)             Requested size: 469.75386pt x 325.2142pt.

LaTeX Warning: Reference `fig:crim-olas-part' on page 75 undefined on input line 897.

LaTeX Info: Redefining \. on input line 900.
LaTeX Info: Redefining \% on input line 900.
[75 <./reporte-elsoc_files/figure-latex/confli-olas-part-1.pdf>]
<reporte-elsoc_files/figure-latex/crim-olas-part-1.pdf, id=701, 469.755pt x 325.215pt>
File: reporte-elsoc_files/figure-latex/crim-olas-part-1.pdf Graphic file (type pdf)
<use reporte-elsoc_files/figure-latex/crim-olas-part-1.pdf>
Package pdftex.def Info: reporte-elsoc_files/figure-latex/crim-olas-part-1.pdf  used on input line 903.
(pdftex.def)             Requested size: 469.75386pt x 325.2142pt.

LaTeX Warning: Reference `fig:inseg-part' on page 76 undefined on input line 910.

<reporte-elsoc_files/figure-latex/inseg-part-1.pdf, id=702, 469.755pt x 325.215pt>
File: reporte-elsoc_files/figure-latex/inseg-part-1.pdf Graphic file (type pdf)
<use reporte-elsoc_files/figure-latex/inseg-part-1.pdf>
Package pdftex.def Info: reporte-elsoc_files/figure-latex/inseg-part-1.pdf  used on input line 914.
(pdftex.def)             Requested size: 469.75386pt x 325.2142pt.
LaTeX Info: Redefining \. on input line 919.
LaTeX Info: Redefining \% on input line 919.
[76 <./reporte-elsoc_files/figure-latex/crim-olas-part-1.pdf>]

LaTeX Warning: Reference `fig:graf-sat-vida' on page 77 undefined on input line 926.

LaTeX Info: Redefining \. on input line 927.
LaTeX Info: Redefining \% on input line 927.
[77 <./reporte-elsoc_files/figure-latex/inseg-part-1.pdf>]
<reporte-elsoc_files/figure-latex/graf-sat-vida-1.pdf, id=725, 469.755pt x 325.215pt>
File: reporte-elsoc_files/figure-latex/graf-sat-vida-1.pdf Graphic file (type pdf)
<use reporte-elsoc_files/figure-latex/graf-sat-vida-1.pdf>
Package pdftex.def Info: reporte-elsoc_files/figure-latex/graf-sat-vida-1.pdf  used on input line 930.
(pdftex.def)             Requested size: 469.75386pt x 325.2142pt.

LaTeX Warning: Reference `fig:graf-deudas' on page 78 undefined on input line 939.

LaTeX Info: Redefining \. on input line 940.
LaTeX Info: Redefining \% on input line 940.
[78 <./reporte-elsoc_files/figure-latex/graf-sat-vida-1.pdf>]
<reporte-elsoc_files/figure-latex/graf-deudas-1.pdf, id=736, 469.755pt x 325.215pt>
File: reporte-elsoc_files/figure-latex/graf-deudas-1.pdf Graphic file (type pdf)
<use reporte-elsoc_files/figure-latex/graf-deudas-1.pdf>
Package pdftex.def Info: reporte-elsoc_files/figure-latex/graf-deudas-1.pdf  used on input line 945.
(pdftex.def)             Requested size: 469.75386pt x 325.2142pt.

LaTeX Warning: Reference `fig:graf-movsoc' on page 79 undefined on input line 952.

LaTeX Info: Redefining \. on input line 953.
LaTeX Info: Redefining \% on input line 953.
[79 <./reporte-elsoc_files/figure-latex/graf-deudas-1.pdf>]
<reporte-elsoc_files/figure-latex/graf-movsoc-1.pdf, id=748, 469.755pt x 325.215pt>
File: reporte-elsoc_files/figure-latex/graf-movsoc-1.pdf Graphic file (type pdf)
<use reporte-elsoc_files/figure-latex/graf-movsoc-1.pdf>
Package pdftex.def Info: reporte-elsoc_files/figure-latex/graf-movsoc-1.pdf  used on input line 960.
(pdftex.def)             Requested size: 469.75386pt x 325.2142pt.
LaTeX Info: Redefining \. on input line 968.
LaTeX Info: Redefining \% on input line 968.
[80]
LaTeX Info: Redefining \. on input line 968.
LaTeX Info: Redefining \% on input line 968.
[81 <./reporte-elsoc_files/figure-latex/graf-movsoc-1.pdf>]
LaTeX Info: Redefining \. on input line 968.
LaTeX Info: Redefining \% on input line 968.
[82

]
Cap\'{\i }tulo 4.
[83]
LaTeX Info: Redefining \. on input line 983.
LaTeX Info: Redefining \% on input line 983.
[84] [85

]
Underfull \hbox (badness 5147) in paragraph at lines 1016--1017
[]\T1/ptm/m/n/12 CADEM. (2022). En-cues-ta Plaza Pbli-ca: Primera se-m-ana de oc-tubre. [][]$https : / / cadem . cl / wp -[]
 []


Underfull \hbox (badness 10000) in paragraph at lines 1016--1017
\T1/ptm/m/n/12 content / uploads / 2022 / 10 / Plaza -[] Publica -[] 456 -[] 71 -[] esta -[] de -[] acuerdo -[] con -[] que -[] Chile -[] necesita -[] una -[] nueva -[]
 []

LaTeX Font Info:    Trying to load font information for TS1+ptm on input line 1020.
(c:/Users/danie/AppData/Roaming/TinyTeX/texmf-dist/tex/latex/psnfss/ts1ptm.fd
File: ts1ptm.fd 2001/06/04 font definitions for TS1/ptm.
)
LaTeX Info: Redefining \. on input line 1027.
LaTeX Info: Redefining \% on input line 1027.
[86]
Underfull \hbox (badness 10000) in paragraph at lines 1042--1043
\T1/ptm/m/n/12 prensa / general / noticia / 2022 / 10 / 12 / poblaci % C3 % B3n -[] extranjera -[] residente -[] en -[] chile -[] lleg % C3 % B3 -[] a -[]
 []

[87]
Underfull \hbox (badness 1642) in paragraph at lines 1066--1067
\T1/ptm/m/n/12 i-dence From Mex-i-co. Com-par-a-tive Po-lit-i-cal Stud-ies, 43(10), 1258-1285. [][]$https : / / doi . org / 10 . 1177 /
 []

LaTeX Info: Redefining \. on input line 1072.
LaTeX Info: Redefining \% on input line 1072.
[88] [89]
LaTeX Info: Redefining \. on input line 1115.
LaTeX Info: Redefining \% on input line 1115.
[90] [91

]
<imagenes/olas_elsoc.png, id=881, 764.8575pt x 314.97675pt>
File: imagenes/olas_elsoc.png Graphic file (type png)
<use imagenes/olas_elsoc.png>
Package pdftex.def Info: imagenes/olas_elsoc.png  used on input line 1160.
(pdftex.def)             Requested size: 500.48932pt x 206.10701pt.
<imagenes/etapas_seleccion.png, id=883, 1324.95pt x 593.21625pt>
File: imagenes/etapas_seleccion.png Graphic file (type png)
<use imagenes/etapas_seleccion.png>
Package pdftex.def Info: imagenes/etapas_seleccion.png  used on input line 1169.
(pdftex.def)             Requested size: 500.47389pt x 224.0758pt.
LaTeX Info: Redefining \. on input line 1187.
LaTeX Info: Redefining \% on input line 1187.
[92 <./imagenes/olas_elsoc.png>]
Underfull \vbox (badness 10000) has occurred while \output is active []

[93 <./imagenes/etapas_seleccion.png>]
<reporte-elsoc_files/figure-latex/graf-edadt-muestra-1.pdf, id=897, 469.755pt x 325.215pt>
File: reporte-elsoc_files/figure-latex/graf-edadt-muestra-1.pdf Graphic file (type pdf)
<use reporte-elsoc_files/figure-latex/graf-edadt-muestra-1.pdf>
Package pdftex.def Info: reporte-elsoc_files/figure-latex/graf-edadt-muestra-1.pdf  used on input line 1220.
(pdftex.def)             Requested size: 469.75386pt x 325.2142pt.
<reporte-elsoc_files/figure-latex/graf-sexo-muestra-1.pdf, id=898, 469.755pt x 325.215pt>
File: reporte-elsoc_files/figure-latex/graf-sexo-muestra-1.pdf Graphic file (type pdf)
<use reporte-elsoc_files/figure-latex/graf-sexo-muestra-1.pdf>
Package pdftex.def Info: reporte-elsoc_files/figure-latex/graf-sexo-muestra-1.pdf  used on input line 1229.
(pdftex.def)             Requested size: 469.75386pt x 325.2142pt.
<reporte-elsoc_files/figure-latex/graf-educ-muestra-1.pdf, id=899, 469.755pt x 325.215pt>
File: reporte-elsoc_files/figure-latex/graf-educ-muestra-1.pdf Graphic file (type pdf)
<use reporte-elsoc_files/figure-latex/graf-educ-muestra-1.pdf>
Package pdftex.def Info: reporte-elsoc_files/figure-latex/graf-educ-muestra-1.pdf  used on input line 1238.
(pdftex.def)             Requested size: 469.75386pt x 325.2142pt.
<reporte-elsoc_files/figure-latex/graf-estrato-muestra-1.pdf, id=900, 469.755pt x 325.215pt>
File: reporte-elsoc_files/figure-latex/graf-estrato-muestra-1.pdf Graphic file (type pdf)
<use reporte-elsoc_files/figure-latex/graf-estrato-muestra-1.pdf>
Package pdftex.def Info: reporte-elsoc_files/figure-latex/graf-estrato-muestra-1.pdf  used on input line 1247.
(pdftex.def)             Requested size: 469.75386pt x 325.2142pt.
LaTeX Info: Redefining \. on input line 1255.
LaTeX Info: Redefining \% on input line 1255.
[94] [95 <./reporte-elsoc_files/figure-latex/graf-edadt-muestra-1.pdf>]
LaTeX Info: Redefining \. on input line 1255.
LaTeX Info: Redefining \% on input line 1255.
[96 <./reporte-elsoc_files/figure-latex/graf-sexo-muestra-1.pdf>] [97 <./reporte-elsoc_files/figure-latex/graf-educ-muestra-1.pdf>]
LaTeX Info: Redefining \. on input line 1255.
LaTeX Info: Redefining \% on input line 1255.
[98 <./reporte-elsoc_files/figure-latex/graf-estrato-muestra-1.pdf>]
LaTeX Font Info:    Trying to load font information for T1+pcr on input line 1265.
(c:/Users/danie/AppData/Roaming/TinyTeX/texmf-dist/tex/latex/psnfss/t1pcr.fd
File: t1pcr.fd 2001/06/04 font definitions for T1/pcr.
)
! Font T1/pcr/m/n/12=pcrr8t at 12.0pt not loadable: Metric (TFM) file not found.
<to be read again> 
                   relax 
l.1265 \begin{Highlighting}[]
                              
Here is how much of TeX's memory you used:
 18867 strings out of 477984
 329180 string characters out of 5837742
 1863382 words of memory out of 5000000
 38443 multiletter control sequences out of 15000+600000
 581266 words of font info for 100 fonts, out of 8000000 for 9000
 14 hyphenation exceptions out of 8191
 75i,8n,76p,1703b,526s stack positions out of 10000i,1000n,20000p,200000b,200000s

!  ==> Fatal error occurred, no output PDF file produced!

! name = pcrr8t, rootname = pcrr8t, pointsize = 
! mktexmf: empty or non-existent rootfile!

! kpathsea: Running mktexmf pcrr8t.mf

! The command name is C:\Users\danie\AppData\Roaming\TinyTeX\bin\win32\mktexmf
! Cannot find pcrr8t.mf.

! kpathsea: Running mktextfm pcrr8t

! The command name is C:\Users\danie\AppData\Roaming\TinyTeX\bin\win32\mktextfm
! kpathsea: Appending font creation commands to missfont.log.
